<?xml version="1.0" encoding="UTF-8"?>
<!-- Generated by org.testng.reporters.JUnitReportReporter -->
<testsuite hostname="WLGGCEOL000BD" name="example.NewTest" tests="1" failures="0" timestamp="31 Dec 2015 11:48:39 GMT" time="28.212" errors="0">
  <testcase name="testEasy" time="28.212" classname="example.NewTest"/>
</testsuite> <!-- example.NewTest -->
