<?xml version="1.0" encoding="UTF-8"?>
<!-- Generated by org.testng.reporters.JUnitReportReporter -->
<testsuite hostname="WLGGCEOL000BD" name="example.NewTest" tests="1" failures="0" timestamp="5 Jan 2016 09:46:19 GMT" time="28.208" errors="0">
  <testcase name="testEasy" time="28.208" classname="example.NewTest"/>
</testsuite> <!-- example.NewTest -->
